2026-03-22 03:07:15 | INFO     | trading.trainer           | ============================================================
2026-03-22 03:07:15 | INFO     | trading.trainer           | STARTING ML TRAINING PIPELINE
2026-03-22 03:07:15 | INFO     | trading.trainer           | ============================================================
2026-03-22 03:07:15 | INFO     | trading.trainer           | Generating 500 synthetic games...
2026-03-22 03:07:15 | INFO     | trading.dataset           | Generated 500 synthetic games
2026-03-22 03:07:15 | INFO     | trading.trainer           | Processing 500 games...
2026-03-22 03:07:17 | INFO     | trading.dataset           | Built dataset: 13626 samples from 500 games | rebounds: 6624 (48.6%)
2026-03-22 03:07:17 | INFO     | trading.dataset           | Split: train=9536 (196 games), val=1893 (42 games), test=2197 (42 games)
2026-03-22 03:07:17 | INFO     | trading.trainer           | ----------------------------------------
2026-03-22 03:07:17 | INFO     | trading.trainer           | Training Regime Classifier...
2026-03-22 03:07:17 | INFO     | trading.regime_classifier | Training regime classifier: 9536 train, 1893 val | Cross rate: 34.7% (train), 43.0% (val)
2026-03-22 03:07:17 | INFO     | trading.regime_classifier | Regime classifier results: accuracy=0.936, precision=0.982, recall=0.866, f1=0.920
2026-03-22 03:07:17 | INFO     | trading.regime_classifier | Top features: prob_change_pct=0.404, s_value=0.232, op_value=0.211, game_phase=0.049, prob_a_initial=0.011
2026-03-22 03:07:17 | INFO     | trading.regime_classifier | Regime classifier saved to src/ml/models/regime_classifier.joblib
2026-03-22 03:07:17 | INFO     | trading.trainer           | ----------------------------------------
2026-03-22 03:07:17 | INFO     | trading.trainer           | Training Non-Cross Parameter Optimizer...
2026-03-22 03:07:18 | INFO     | trading.param_optimizer   | Non-Cross rebound accuracy: 0.678
2026-03-22 03:07:18 | INFO     | trading.param_optimizer   | Non-Cross multiplier RMSE: 4.489
2026-03-22 03:07:18 | INFO     | trading.param_optimizer   | Non-Cross model saved to src/ml/models/non_cross_params.joblib
2026-03-22 03:07:18 | INFO     | trading.trainer           | ----------------------------------------
2026-03-22 03:07:18 | INFO     | trading.trainer           | Training Cross Parameter Optimizer...
2026-03-22 03:07:18 | INFO     | trading.param_optimizer   | Cross recovery accuracy: 0.784
2026-03-22 03:07:18 | INFO     | trading.param_optimizer   | Cross multiplier RMSE: 5.833
2026-03-22 03:07:19 | INFO     | trading.param_optimizer   | Cross model saved to src/ml/models/cross_params.joblib
2026-03-22 03:07:19 | INFO     | trading.trainer           | ----------------------------------------
2026-03-22 03:07:19 | INFO     | trading.trainer           | Evaluating on test set...
2026-03-22 03:07:19 | INFO     | trading.trainer           | Test set: regime_accuracy=0.989, avg_EV=1.984
2026-03-22 03:07:19 | INFO     | trading.trainer           | ============================================================
2026-03-22 03:07:19 | INFO     | trading.trainer           | TRAINING COMPLETE in 3.4s
2026-03-22 03:07:19 | INFO     | trading.trainer           | ============================================================
2026-03-22 03:07:19 | INFO     | trading.storage           | Database initialized at data/trading.db
2026-03-22 03:07:19 | INFO     | trading.storage           | Database connection closed
2026-03-22 06:00:00 | INFO     | trading.api               | Starting up API server and loading models...
2026-03-22 06:00:47 | INFO     | trading.api               | Starting up API server and loading models...
2026-03-22 06:05:25 | ERROR    | trading.api               | Error getting recommendations: 'KalshiClient' object has no attribute 'get_candlesticks'
2026-03-22 06:05:25 | ERROR    | trading.api               | Error getting recommendations: 'KalshiClient' object has no attribute 'get_candlesticks'
2026-03-22 06:05:59 | ERROR    | trading.api               | Error getting recommendations: 'KalshiClient' object has no attribute 'get_candlesticks'
2026-03-22 06:05:59 | ERROR    | trading.api               | Error getting recommendations: 'KalshiClient' object has no attribute 'get_candlesticks'
2026-03-22 06:10:53 | ERROR    | trading.api               | Error getting recommendations: 'KalshiClient' object has no attribute 'get_candlesticks'
2026-03-22 06:10:53 | ERROR    | trading.api               | Error getting recommendations: 'KalshiClient' object has no attribute 'get_candlesticks'
2026-03-22 06:15:25 | ERROR    | trading.api               | Error getting recommendations: 'KalshiClient' object has no attribute 'get_candlesticks'
2026-03-22 06:19:20 | INFO     | trading.api               | Starting up API server and loading models...
2026-03-22 06:20:07 | ERROR    | trading.kalshi_client     | GET /markets/KXTEAMSINNBAF-26-PORTOR/candlesticks failed: 404 Client Error: Not Found for url: https://api.elections.kalshi.com/trade-api/v2/markets/KXTEAMSINNBAF-26-PORTOR/candlesticks?period_interval=1&series_ticker=KXTEAMSINNBAF&start_ts=1774168807&end_ts=1774174807
2026-03-22 06:20:07 | ERROR    | trading.kalshi_client     | GET /markets/KXTEAMSINNBAF-26-PORTOR/candlesticks failed: 404 Client Error: Not Found for url: https://api.elections.kalshi.com/trade-api/v2/markets/KXTEAMSINNBAF-26-PORTOR/candlesticks?period_interval=1&series_ticker=KXTEAMSINNBAF&start_ts=1774168807&end_ts=1774174807
2026-03-22 06:20:49 | ERROR    | trading.kalshi_client     | GET /markets/KXTEAMSINNBAF-26-PORTOR/candlesticks failed: 404 Client Error: Not Found for url: https://api.elections.kalshi.com/trade-api/v2/markets/KXTEAMSINNBAF-26-PORTOR/candlesticks?period_interval=1&series_ticker=KXTEAMSINNBAF&start_ts=1774168849&end_ts=1774174849
2026-03-22 06:20:49 | ERROR    | trading.kalshi_client     | GET /markets/KXTEAMSINNBAF-26-PORTOR/candlesticks failed: 404 Client Error: Not Found for url: https://api.elections.kalshi.com/trade-api/v2/markets/KXTEAMSINNBAF-26-PORTOR/candlesticks?period_interval=1&series_ticker=KXTEAMSINNBAF&start_ts=1774168849&end_ts=1774174849
2026-03-22 06:20:57 | ERROR    | trading.kalshi_client     | GET /markets/KXWCSQUAD-26BRA-HSOU/candlesticks failed: 404 Client Error: Not Found for url: https://api.elections.kalshi.com/trade-api/v2/markets/KXWCSQUAD-26BRA-HSOU/candlesticks?period_interval=1&series_ticker=KXWCSQUAD&start_ts=1774168857&end_ts=1774174857
2026-03-22 06:20:58 | ERROR    | trading.kalshi_client     | GET /markets/KXWCSQUAD-26BRA-HSOU/candlesticks failed: 404 Client Error: Not Found for url: https://api.elections.kalshi.com/trade-api/v2/markets/KXWCSQUAD-26BRA-HSOU/candlesticks?period_interval=1&series_ticker=KXWCSQUAD&start_ts=1774168857&end_ts=1774174857
2026-03-22 06:22:33 | ERROR    | trading.api               | Bot loop error: invalid literal for int() with base 10: '0.0000'
2026-03-22 06:22:38 | ERROR    | trading.api               | Bot loop error: invalid literal for int() with base 10: '0.0000'
2026-03-22 06:22:43 | ERROR    | trading.api               | Bot loop error: invalid literal for int() with base 10: '0.0000'
2026-03-22 06:22:49 | ERROR    | trading.api               | Bot loop error: invalid literal for int() with base 10: '0.0000'
2026-03-22 06:22:54 | ERROR    | trading.api               | Bot loop error: invalid literal for int() with base 10: '0.0000'
2026-03-22 06:22:59 | ERROR    | trading.api               | Bot loop error: invalid literal for int() with base 10: '0.0000'
2026-03-22 06:23:04 | ERROR    | trading.api               | Bot loop error: invalid literal for int() with base 10: '0.0000'
2026-03-22 06:23:09 | ERROR    | trading.api               | Bot loop error: invalid literal for int() with base 10: '0.0000'
2026-03-22 06:23:14 | ERROR    | trading.api               | Bot loop error: invalid literal for int() with base 10: '0.0000'
2026-03-22 06:23:19 | ERROR    | trading.api               | Bot loop error: invalid literal for int() with base 10: '0.0000'
2026-03-22 06:23:25 | ERROR    | trading.api               | Bot loop error: invalid literal for int() with base 10: '0.0000'
2026-03-22 06:23:30 | ERROR    | trading.api               | Bot loop error: invalid literal for int() with base 10: '0.0000'
2026-03-22 06:23:35 | ERROR    | trading.api               | Bot loop error: invalid literal for int() with base 10: '0.0000'
2026-03-22 06:23:40 | ERROR    | trading.api               | Bot loop error: invalid literal for int() with base 10: '0.0000'
2026-03-22 06:23:45 | ERROR    | trading.api               | Bot loop error: invalid literal for int() with base 10: '0.0000'
2026-03-22 06:23:51 | ERROR    | trading.api               | Bot loop error: invalid literal for int() with base 10: '0.0000'
2026-03-22 06:23:56 | ERROR    | trading.api               | Bot loop error: invalid literal for int() with base 10: '0.0000'
2026-03-22 06:24:01 | ERROR    | trading.api               | Bot loop error: invalid literal for int() with base 10: '0.0000'
2026-03-22 06:24:06 | ERROR    | trading.api               | Bot loop error: invalid literal for int() with base 10: '0.0000'
2026-03-22 06:24:11 | ERROR    | trading.api               | Bot loop error: invalid literal for int() with base 10: '0.0000'
2026-03-22 06:24:16 | ERROR    | trading.api               | Bot loop error: invalid literal for int() with base 10: '0.0000'
2026-03-22 06:24:22 | ERROR    | trading.api               | Bot loop error: invalid literal for int() with base 10: '0.0000'
2026-03-22 06:24:27 | ERROR    | trading.api               | Bot loop error: invalid literal for int() with base 10: '0.0000'
2026-03-22 06:24:32 | ERROR    | trading.api               | Bot loop error: invalid literal for int() with base 10: '0.0000'
2026-03-22 06:24:37 | ERROR    | trading.api               | Bot loop error: invalid literal for int() with base 10: '0.0000'
2026-03-22 06:24:42 | ERROR    | trading.api               | Bot loop error: invalid literal for int() with base 10: '0.0000'
2026-03-22 06:24:47 | ERROR    | trading.api               | Bot loop error: invalid literal for int() with base 10: '0.0000'
2026-03-22 06:24:53 | ERROR    | trading.api               | Bot loop error: invalid literal for int() with base 10: '0.0000'
2026-03-22 06:24:58 | ERROR    | trading.api               | Bot loop error: invalid literal for int() with base 10: '0.0000'
2026-03-22 06:25:03 | ERROR    | trading.api               | Bot loop error: invalid literal for int() with base 10: '0.0000'
2026-03-22 06:25:08 | ERROR    | trading.api               | Bot loop error: invalid literal for int() with base 10: '0.0000'
2026-03-22 06:25:13 | ERROR    | trading.api               | Bot loop error: invalid literal for int() with base 10: '0.0000'
2026-03-22 06:25:18 | ERROR    | trading.api               | Bot loop error: invalid literal for int() with base 10: '0.0000'
2026-03-22 06:25:24 | ERROR    | trading.api               | Bot loop error: invalid literal for int() with base 10: '0.0000'
2026-03-22 06:25:29 | ERROR    | trading.api               | Bot loop error: invalid literal for int() with base 10: '0.0000'
2026-03-22 06:25:34 | ERROR    | trading.api               | Bot loop error: invalid literal for int() with base 10: '0.0000'
2026-03-22 06:25:40 | ERROR    | trading.api               | Bot loop error: invalid literal for int() with base 10: '0.0000'
2026-03-22 06:25:45 | ERROR    | trading.api               | Bot loop error: invalid literal for int() with base 10: '0.0000'
2026-03-22 06:44:24 | INFO     | trading.api               | Starting up API server and loading models...
2026-03-22 06:45:29 | ERROR    | trading.kalshi_client     | GET /portfolio/balance failed: 401 Client Error: Unauthorized for url: https://api.elections.kalshi.com/trade-api/v2/portfolio/balance
2026-03-22 06:45:29 | ERROR    | trading.kalshi_client     | GET /portfolio/positions failed: 401 Client Error: Unauthorized for url: https://api.elections.kalshi.com/trade-api/v2/portfolio/positions
2026-03-22 06:45:37 | ERROR    | trading.kalshi_client     | GET /portfolio/balance failed: 401 Client Error: Unauthorized for url: https://api.elections.kalshi.com/trade-api/v2/portfolio/balance
2026-03-22 06:45:37 | ERROR    | trading.kalshi_client     | GET /portfolio/positions failed: 401 Client Error: Unauthorized for url: https://api.elections.kalshi.com/trade-api/v2/portfolio/positions
2026-03-22 06:45:50 | ERROR    | trading.kalshi_client     | GET /portfolio/balance failed: 401 Client Error: Unauthorized for url: https://api.elections.kalshi.com/trade-api/v2/portfolio/balance
2026-03-22 06:45:50 | ERROR    | trading.kalshi_client     | GET /portfolio/positions failed: 401 Client Error: Unauthorized for url: https://api.elections.kalshi.com/trade-api/v2/portfolio/positions
2026-03-22 06:50:05 | INFO     | trading.api               | Starting up API server and loading models...
2026-03-22 07:08:16 | INFO     | trading.api               | Starting up API server and loading models...
2026-03-22 07:10:51 | INFO     | trading.api               | Starting up API server and loading models...
2026-03-22 07:12:00 | INFO     | trading.api               | Starting up API server and loading models...
2026-03-22 07:21:13 | INFO     | trading.api               | Starting up API server and loading models...
2026-03-22 07:45:47 | INFO     | trading.api               | Starting up API server and loading models...
2026-03-22 08:31:59 | ERROR    | trading.kalshi_client     | GET /events failed: HTTPSConnectionPool(host='api.elections.kalshi.com', port=443): Read timed out. (read timeout=15)
2026-03-22 09:58:21 | INFO     | trading.api               | Starting up API server and loading models...
2026-03-22 09:58:21 | WARNING  | trading.api               | Failed to load model regime_classifier from src/ml/models/regime_classifier.joblib: 
XGBoost Library (libxgboost.dylib) could not be loaded.
Likely causes:
  * OpenMP runtime is not installed
    - vcomp140.dll or libgomp-1.dll for Windows
    - libomp.dylib for Mac OSX
    - libgomp.so for Linux and other UNIX-like OSes
    Mac OSX users: Run `brew install libomp` to install OpenMP runtime.

  * You are running 32-bit Python on a 64-bit OS

Error message(s): ["dlopen(/Users/student/Library/Python/3.9/lib/python/site-packages/xgboost/lib/libxgboost.dylib, 0x0006): Library not loaded: @rpath/libomp.dylib\n  Referenced from: <89AD948E-E564-3266-867D-7AF89D6488F0> /Users/student/Library/Python/3.9/lib/python/site-packages/xgboost/lib/libxgboost.dylib\n  Reason: tried: '/opt/homebrew/opt/libomp/lib/libomp.dylib' (no such file), '/System/Volumes/Preboot/Cryptexes/OS/opt/homebrew/opt/libomp/lib/libomp.dylib' (no such file), '/opt/homebrew/opt/libomp/lib/libomp.dylib' (no such file), '/System/Volumes/Preboot/Cryptexes/OS/opt/homebrew/opt/libomp/lib/libomp.dylib' (no such file)"]

2026-03-22 09:58:21 | WARNING  | trading.api               | Failed to load model rebound_classifier from src/ml/models/rebound_classifier.joblib: 
XGBoost Library (libxgboost.dylib) could not be loaded.
Likely causes:
  * OpenMP runtime is not installed
    - vcomp140.dll or libgomp-1.dll for Windows
    - libomp.dylib for Mac OSX
    - libgomp.so for Linux and other UNIX-like OSes
    Mac OSX users: Run `brew install libomp` to install OpenMP runtime.

  * You are running 32-bit Python on a 64-bit OS

Error message(s): ["dlopen(/Users/student/Library/Python/3.9/lib/python/site-packages/xgboost/lib/libxgboost.dylib, 0x0006): Library not loaded: @rpath/libomp.dylib\n  Referenced from: <89AD948E-E564-3266-867D-7AF89D6488F0> /Users/student/Library/Python/3.9/lib/python/site-packages/xgboost/lib/libxgboost.dylib\n  Reason: tried: '/opt/homebrew/opt/libomp/lib/libomp.dylib' (no such file), '/System/Volumes/Preboot/Cryptexes/OS/opt/homebrew/opt/libomp/lib/libomp.dylib' (no such file), '/opt/homebrew/opt/libomp/lib/libomp.dylib' (no such file), '/System/Volumes/Preboot/Cryptexes/OS/opt/homebrew/opt/libomp/lib/libomp.dylib' (no such file)"]

2026-03-22 09:58:21 | WARNING  | trading.api               | Failed to load model multiplier_regressor from src/ml/models/multiplier_regressor.joblib: 
XGBoost Library (libxgboost.dylib) could not be loaded.
Likely causes:
  * OpenMP runtime is not installed
    - vcomp140.dll or libgomp-1.dll for Windows
    - libomp.dylib for Mac OSX
    - libgomp.so for Linux and other UNIX-like OSes
    Mac OSX users: Run `brew install libomp` to install OpenMP runtime.

  * You are running 32-bit Python on a 64-bit OS

Error message(s): ["dlopen(/Users/student/Library/Python/3.9/lib/python/site-packages/xgboost/lib/libxgboost.dylib, 0x0006): Library not loaded: @rpath/libomp.dylib\n  Referenced from: <89AD948E-E564-3266-867D-7AF89D6488F0> /Users/student/Library/Python/3.9/lib/python/site-packages/xgboost/lib/libxgboost.dylib\n  Reason: tried: '/opt/homebrew/opt/libomp/lib/libomp.dylib' (no such file), '/System/Volumes/Preboot/Cryptexes/OS/opt/homebrew/opt/libomp/lib/libomp.dylib' (no such file), '/opt/homebrew/opt/libomp/lib/libomp.dylib' (no such file), '/System/Volumes/Preboot/Cryptexes/OS/opt/homebrew/opt/libomp/lib/libomp.dylib' (no such file)"]

2026-03-22 09:58:21 | WARNING  | trading.api               | Failed to load model ev_estimator from src/ml/models/ev_estimator.joblib: 
XGBoost Library (libxgboost.dylib) could not be loaded.
Likely causes:
  * OpenMP runtime is not installed
    - vcomp140.dll or libgomp-1.dll for Windows
    - libomp.dylib for Mac OSX
    - libgomp.so for Linux and other UNIX-like OSes
    Mac OSX users: Run `brew install libomp` to install OpenMP runtime.

  * You are running 32-bit Python on a 64-bit OS

Error message(s): ["dlopen(/Users/student/Library/Python/3.9/lib/python/site-packages/xgboost/lib/libxgboost.dylib, 0x0006): Library not loaded: @rpath/libomp.dylib\n  Referenced from: <89AD948E-E564-3266-867D-7AF89D6488F0> /Users/student/Library/Python/3.9/lib/python/site-packages/xgboost/lib/libxgboost.dylib\n  Reason: tried: '/opt/homebrew/opt/libomp/lib/libomp.dylib' (no such file), '/System/Volumes/Preboot/Cryptexes/OS/opt/homebrew/opt/libomp/lib/libomp.dylib' (no such file), '/opt/homebrew/opt/libomp/lib/libomp.dylib' (no such file), '/System/Volumes/Preboot/Cryptexes/OS/opt/homebrew/opt/libomp/lib/libomp.dylib' (no such file)"]

2026-03-22 10:01:11 | WARNING  | trading.api               | Failed to load model regime_classifier from src/ml/models/regime_classifier.joblib: 
XGBoost Library (libxgboost.dylib) could not be loaded.
Likely causes:
  * OpenMP runtime is not installed
    - vcomp140.dll or libgomp-1.dll for Windows
    - libomp.dylib for Mac OSX
    - libgomp.so for Linux and other UNIX-like OSes
    Mac OSX users: Run `brew install libomp` to install OpenMP runtime.

  * You are running 32-bit Python on a 64-bit OS

Error message(s): ["dlopen(/Users/student/Library/Python/3.9/lib/python/site-packages/xgboost/lib/libxgboost.dylib, 0x0006): Library not loaded: @rpath/libomp.dylib\n  Referenced from: <89AD948E-E564-3266-867D-7AF89D6488F0> /Users/student/Library/Python/3.9/lib/python/site-packages/xgboost/lib/libxgboost.dylib\n  Reason: tried: '/opt/homebrew/opt/libomp/lib/libomp.dylib' (no such file), '/System/Volumes/Preboot/Cryptexes/OS/opt/homebrew/opt/libomp/lib/libomp.dylib' (no such file), '/opt/homebrew/opt/libomp/lib/libomp.dylib' (no such file), '/System/Volumes/Preboot/Cryptexes/OS/opt/homebrew/opt/libomp/lib/libomp.dylib' (no such file)"]

2026-03-22 10:01:11 | WARNING  | trading.api               | Failed to load model rebound_classifier from src/ml/models/rebound_classifier.joblib: 
XGBoost Library (libxgboost.dylib) could not be loaded.
Likely causes:
  * OpenMP runtime is not installed
    - vcomp140.dll or libgomp-1.dll for Windows
    - libomp.dylib for Mac OSX
    - libgomp.so for Linux and other UNIX-like OSes
    Mac OSX users: Run `brew install libomp` to install OpenMP runtime.

  * You are running 32-bit Python on a 64-bit OS

Error message(s): ["dlopen(/Users/student/Library/Python/3.9/lib/python/site-packages/xgboost/lib/libxgboost.dylib, 0x0006): Library not loaded: @rpath/libomp.dylib\n  Referenced from: <89AD948E-E564-3266-867D-7AF89D6488F0> /Users/student/Library/Python/3.9/lib/python/site-packages/xgboost/lib/libxgboost.dylib\n  Reason: tried: '/opt/homebrew/opt/libomp/lib/libomp.dylib' (no such file), '/System/Volumes/Preboot/Cryptexes/OS/opt/homebrew/opt/libomp/lib/libomp.dylib' (no such file), '/opt/homebrew/opt/libomp/lib/libomp.dylib' (no such file), '/System/Volumes/Preboot/Cryptexes/OS/opt/homebrew/opt/libomp/lib/libomp.dylib' (no such file)"]

2026-03-22 10:01:11 | WARNING  | trading.api               | Failed to load model multiplier_regressor from src/ml/models/multiplier_regressor.joblib: 
XGBoost Library (libxgboost.dylib) could not be loaded.
Likely causes:
  * OpenMP runtime is not installed
    - vcomp140.dll or libgomp-1.dll for Windows
    - libomp.dylib for Mac OSX
    - libgomp.so for Linux and other UNIX-like OSes
    Mac OSX users: Run `brew install libomp` to install OpenMP runtime.

  * You are running 32-bit Python on a 64-bit OS

Error message(s): ["dlopen(/Users/student/Library/Python/3.9/lib/python/site-packages/xgboost/lib/libxgboost.dylib, 0x0006): Library not loaded: @rpath/libomp.dylib\n  Referenced from: <89AD948E-E564-3266-867D-7AF89D6488F0> /Users/student/Library/Python/3.9/lib/python/site-packages/xgboost/lib/libxgboost.dylib\n  Reason: tried: '/opt/homebrew/opt/libomp/lib/libomp.dylib' (no such file), '/System/Volumes/Preboot/Cryptexes/OS/opt/homebrew/opt/libomp/lib/libomp.dylib' (no such file), '/opt/homebrew/opt/libomp/lib/libomp.dylib' (no such file), '/System/Volumes/Preboot/Cryptexes/OS/opt/homebrew/opt/libomp/lib/libomp.dylib' (no such file)"]

2026-03-22 10:01:11 | WARNING  | trading.api               | Failed to load model ev_estimator from src/ml/models/ev_estimator.joblib: 
XGBoost Library (libxgboost.dylib) could not be loaded.
Likely causes:
  * OpenMP runtime is not installed
    - vcomp140.dll or libgomp-1.dll for Windows
    - libomp.dylib for Mac OSX
    - libgomp.so for Linux and other UNIX-like OSes
    Mac OSX users: Run `brew install libomp` to install OpenMP runtime.

  * You are running 32-bit Python on a 64-bit OS

Error message(s): ["dlopen(/Users/student/Library/Python/3.9/lib/python/site-packages/xgboost/lib/libxgboost.dylib, 0x0006): Library not loaded: @rpath/libomp.dylib\n  Referenced from: <89AD948E-E564-3266-867D-7AF89D6488F0> /Users/student/Library/Python/3.9/lib/python/site-packages/xgboost/lib/libxgboost.dylib\n  Reason: tried: '/opt/homebrew/opt/libomp/lib/libomp.dylib' (no such file), '/System/Volumes/Preboot/Cryptexes/OS/opt/homebrew/opt/libomp/lib/libomp.dylib' (no such file), '/opt/homebrew/opt/libomp/lib/libomp.dylib' (no such file), '/System/Volumes/Preboot/Cryptexes/OS/opt/homebrew/opt/libomp/lib/libomp.dylib' (no such file)"]

2026-03-22 10:01:12 | WARNING  | trading.api               | Failed to load model regime_classifier from src/ml/models/regime_classifier.joblib: 
XGBoost Library (libxgboost.dylib) could not be loaded.
Likely causes:
  * OpenMP runtime is not installed
    - vcomp140.dll or libgomp-1.dll for Windows
    - libomp.dylib for Mac OSX
    - libgomp.so for Linux and other UNIX-like OSes
    Mac OSX users: Run `brew install libomp` to install OpenMP runtime.

  * You are running 32-bit Python on a 64-bit OS

Error message(s): ["dlopen(/Users/student/Library/Python/3.9/lib/python/site-packages/xgboost/lib/libxgboost.dylib, 0x0006): Library not loaded: @rpath/libomp.dylib\n  Referenced from: <89AD948E-E564-3266-867D-7AF89D6488F0> /Users/student/Library/Python/3.9/lib/python/site-packages/xgboost/lib/libxgboost.dylib\n  Reason: tried: '/opt/homebrew/opt/libomp/lib/libomp.dylib' (no such file), '/System/Volumes/Preboot/Cryptexes/OS/opt/homebrew/opt/libomp/lib/libomp.dylib' (no such file), '/opt/homebrew/opt/libomp/lib/libomp.dylib' (no such file), '/System/Volumes/Preboot/Cryptexes/OS/opt/homebrew/opt/libomp/lib/libomp.dylib' (no such file)"]

2026-03-22 10:01:12 | WARNING  | trading.api               | Failed to load model rebound_classifier from src/ml/models/rebound_classifier.joblib: 
XGBoost Library (libxgboost.dylib) could not be loaded.
Likely causes:
  * OpenMP runtime is not installed
    - vcomp140.dll or libgomp-1.dll for Windows
    - libomp.dylib for Mac OSX
    - libgomp.so for Linux and other UNIX-like OSes
    Mac OSX users: Run `brew install libomp` to install OpenMP runtime.

  * You are running 32-bit Python on a 64-bit OS

Error message(s): ["dlopen(/Users/student/Library/Python/3.9/lib/python/site-packages/xgboost/lib/libxgboost.dylib, 0x0006): Library not loaded: @rpath/libomp.dylib\n  Referenced from: <89AD948E-E564-3266-867D-7AF89D6488F0> /Users/student/Library/Python/3.9/lib/python/site-packages/xgboost/lib/libxgboost.dylib\n  Reason: tried: '/opt/homebrew/opt/libomp/lib/libomp.dylib' (no such file), '/System/Volumes/Preboot/Cryptexes/OS/opt/homebrew/opt/libomp/lib/libomp.dylib' (no such file), '/opt/homebrew/opt/libomp/lib/libomp.dylib' (no such file), '/System/Volumes/Preboot/Cryptexes/OS/opt/homebrew/opt/libomp/lib/libomp.dylib' (no such file)"]

2026-03-22 10:01:12 | WARNING  | trading.api               | Failed to load model multiplier_regressor from src/ml/models/multiplier_regressor.joblib: 
XGBoost Library (libxgboost.dylib) could not be loaded.
Likely causes:
  * OpenMP runtime is not installed
    - vcomp140.dll or libgomp-1.dll for Windows
    - libomp.dylib for Mac OSX
    - libgomp.so for Linux and other UNIX-like OSes
    Mac OSX users: Run `brew install libomp` to install OpenMP runtime.

  * You are running 32-bit Python on a 64-bit OS

Error message(s): ["dlopen(/Users/student/Library/Python/3.9/lib/python/site-packages/xgboost/lib/libxgboost.dylib, 0x0006): Library not loaded: @rpath/libomp.dylib\n  Referenced from: <89AD948E-E564-3266-867D-7AF89D6488F0> /Users/student/Library/Python/3.9/lib/python/site-packages/xgboost/lib/libxgboost.dylib\n  Reason: tried: '/opt/homebrew/opt/libomp/lib/libomp.dylib' (no such file), '/System/Volumes/Preboot/Cryptexes/OS/opt/homebrew/opt/libomp/lib/libomp.dylib' (no such file), '/opt/homebrew/opt/libomp/lib/libomp.dylib' (no such file), '/System/Volumes/Preboot/Cryptexes/OS/opt/homebrew/opt/libomp/lib/libomp.dylib' (no such file)"]

2026-03-22 10:01:12 | WARNING  | trading.api               | Failed to load model ev_estimator from src/ml/models/ev_estimator.joblib: 
XGBoost Library (libxgboost.dylib) could not be loaded.
Likely causes:
  * OpenMP runtime is not installed
    - vcomp140.dll or libgomp-1.dll for Windows
    - libomp.dylib for Mac OSX
    - libgomp.so for Linux and other UNIX-like OSes
    Mac OSX users: Run `brew install libomp` to install OpenMP runtime.

  * You are running 32-bit Python on a 64-bit OS

Error message(s): ["dlopen(/Users/student/Library/Python/3.9/lib/python/site-packages/xgboost/lib/libxgboost.dylib, 0x0006): Library not loaded: @rpath/libomp.dylib\n  Referenced from: <89AD948E-E564-3266-867D-7AF89D6488F0> /Users/student/Library/Python/3.9/lib/python/site-packages/xgboost/lib/libxgboost.dylib\n  Reason: tried: '/opt/homebrew/opt/libomp/lib/libomp.dylib' (no such file), '/System/Volumes/Preboot/Cryptexes/OS/opt/homebrew/opt/libomp/lib/libomp.dylib' (no such file), '/opt/homebrew/opt/libomp/lib/libomp.dylib' (no such file), '/System/Volumes/Preboot/Cryptexes/OS/opt/homebrew/opt/libomp/lib/libomp.dylib' (no such file)"]

2026-03-22 10:01:13 | WARNING  | trading.api               | Failed to load model regime_classifier from src/ml/models/regime_classifier.joblib: 
XGBoost Library (libxgboost.dylib) could not be loaded.
Likely causes:
  * OpenMP runtime is not installed
    - vcomp140.dll or libgomp-1.dll for Windows
    - libomp.dylib for Mac OSX
    - libgomp.so for Linux and other UNIX-like OSes
    Mac OSX users: Run `brew install libomp` to install OpenMP runtime.

  * You are running 32-bit Python on a 64-bit OS

Error message(s): ["dlopen(/Users/student/Library/Python/3.9/lib/python/site-packages/xgboost/lib/libxgboost.dylib, 0x0006): Library not loaded: @rpath/libomp.dylib\n  Referenced from: <89AD948E-E564-3266-867D-7AF89D6488F0> /Users/student/Library/Python/3.9/lib/python/site-packages/xgboost/lib/libxgboost.dylib\n  Reason: tried: '/opt/homebrew/opt/libomp/lib/libomp.dylib' (no such file), '/System/Volumes/Preboot/Cryptexes/OS/opt/homebrew/opt/libomp/lib/libomp.dylib' (no such file), '/opt/homebrew/opt/libomp/lib/libomp.dylib' (no such file), '/System/Volumes/Preboot/Cryptexes/OS/opt/homebrew/opt/libomp/lib/libomp.dylib' (no such file)"]

2026-03-22 10:01:13 | WARNING  | trading.api               | Failed to load model rebound_classifier from src/ml/models/rebound_classifier.joblib: 
XGBoost Library (libxgboost.dylib) could not be loaded.
Likely causes:
  * OpenMP runtime is not installed
    - vcomp140.dll or libgomp-1.dll for Windows
    - libomp.dylib for Mac OSX
    - libgomp.so for Linux and other UNIX-like OSes
    Mac OSX users: Run `brew install libomp` to install OpenMP runtime.

  * You are running 32-bit Python on a 64-bit OS

Error message(s): ["dlopen(/Users/student/Library/Python/3.9/lib/python/site-packages/xgboost/lib/libxgboost.dylib, 0x0006): Library not loaded: @rpath/libomp.dylib\n  Referenced from: <89AD948E-E564-3266-867D-7AF89D6488F0> /Users/student/Library/Python/3.9/lib/python/site-packages/xgboost/lib/libxgboost.dylib\n  Reason: tried: '/opt/homebrew/opt/libomp/lib/libomp.dylib' (no such file), '/System/Volumes/Preboot/Cryptexes/OS/opt/homebrew/opt/libomp/lib/libomp.dylib' (no such file), '/opt/homebrew/opt/libomp/lib/libomp.dylib' (no such file), '/System/Volumes/Preboot/Cryptexes/OS/opt/homebrew/opt/libomp/lib/libomp.dylib' (no such file)"]

2026-03-22 10:01:13 | WARNING  | trading.api               | Failed to load model multiplier_regressor from src/ml/models/multiplier_regressor.joblib: 
XGBoost Library (libxgboost.dylib) could not be loaded.
Likely causes:
  * OpenMP runtime is not installed
    - vcomp140.dll or libgomp-1.dll for Windows
    - libomp.dylib for Mac OSX
    - libgomp.so for Linux and other UNIX-like OSes
    Mac OSX users: Run `brew install libomp` to install OpenMP runtime.

  * You are running 32-bit Python on a 64-bit OS

Error message(s): ["dlopen(/Users/student/Library/Python/3.9/lib/python/site-packages/xgboost/lib/libxgboost.dylib, 0x0006): Library not loaded: @rpath/libomp.dylib\n  Referenced from: <89AD948E-E564-3266-867D-7AF89D6488F0> /Users/student/Library/Python/3.9/lib/python/site-packages/xgboost/lib/libxgboost.dylib\n  Reason: tried: '/opt/homebrew/opt/libomp/lib/libomp.dylib' (no such file), '/System/Volumes/Preboot/Cryptexes/OS/opt/homebrew/opt/libomp/lib/libomp.dylib' (no such file), '/opt/homebrew/opt/libomp/lib/libomp.dylib' (no such file), '/System/Volumes/Preboot/Cryptexes/OS/opt/homebrew/opt/libomp/lib/libomp.dylib' (no such file)"]

2026-03-22 10:01:13 | WARNING  | trading.api               | Failed to load model ev_estimator from src/ml/models/ev_estimator.joblib: 
XGBoost Library (libxgboost.dylib) could not be loaded.
Likely causes:
  * OpenMP runtime is not installed
    - vcomp140.dll or libgomp-1.dll for Windows
    - libomp.dylib for Mac OSX
    - libgomp.so for Linux and other UNIX-like OSes
    Mac OSX users: Run `brew install libomp` to install OpenMP runtime.

  * You are running 32-bit Python on a 64-bit OS

Error message(s): ["dlopen(/Users/student/Library/Python/3.9/lib/python/site-packages/xgboost/lib/libxgboost.dylib, 0x0006): Library not loaded: @rpath/libomp.dylib\n  Referenced from: <89AD948E-E564-3266-867D-7AF89D6488F0> /Users/student/Library/Python/3.9/lib/python/site-packages/xgboost/lib/libxgboost.dylib\n  Reason: tried: '/opt/homebrew/opt/libomp/lib/libomp.dylib' (no such file), '/System/Volumes/Preboot/Cryptexes/OS/opt/homebrew/opt/libomp/lib/libomp.dylib' (no such file), '/opt/homebrew/opt/libomp/lib/libomp.dylib' (no such file), '/System/Volumes/Preboot/Cryptexes/OS/opt/homebrew/opt/libomp/lib/libomp.dylib' (no such file)"]

2026-03-22 10:01:15 | WARNING  | trading.api               | Failed to load model regime_classifier from src/ml/models/regime_classifier.joblib: 
XGBoost Library (libxgboost.dylib) could not be loaded.
Likely causes:
  * OpenMP runtime is not installed
    - vcomp140.dll or libgomp-1.dll for Windows
    - libomp.dylib for Mac OSX
    - libgomp.so for Linux and other UNIX-like OSes
    Mac OSX users: Run `brew install libomp` to install OpenMP runtime.

  * You are running 32-bit Python on a 64-bit OS

Error message(s): ["dlopen(/Users/student/Library/Python/3.9/lib/python/site-packages/xgboost/lib/libxgboost.dylib, 0x0006): Library not loaded: @rpath/libomp.dylib\n  Referenced from: <89AD948E-E564-3266-867D-7AF89D6488F0> /Users/student/Library/Python/3.9/lib/python/site-packages/xgboost/lib/libxgboost.dylib\n  Reason: tried: '/opt/homebrew/opt/libomp/lib/libomp.dylib' (no such file), '/System/Volumes/Preboot/Cryptexes/OS/opt/homebrew/opt/libomp/lib/libomp.dylib' (no such file), '/opt/homebrew/opt/libomp/lib/libomp.dylib' (no such file), '/System/Volumes/Preboot/Cryptexes/OS/opt/homebrew/opt/libomp/lib/libomp.dylib' (no such file)"]

2026-03-22 10:01:15 | WARNING  | trading.api               | Failed to load model rebound_classifier from src/ml/models/rebound_classifier.joblib: 
XGBoost Library (libxgboost.dylib) could not be loaded.
Likely causes:
  * OpenMP runtime is not installed
    - vcomp140.dll or libgomp-1.dll for Windows
    - libomp.dylib for Mac OSX
    - libgomp.so for Linux and other UNIX-like OSes
    Mac OSX users: Run `brew install libomp` to install OpenMP runtime.

  * You are running 32-bit Python on a 64-bit OS

Error message(s): ["dlopen(/Users/student/Library/Python/3.9/lib/python/site-packages/xgboost/lib/libxgboost.dylib, 0x0006): Library not loaded: @rpath/libomp.dylib\n  Referenced from: <89AD948E-E564-3266-867D-7AF89D6488F0> /Users/student/Library/Python/3.9/lib/python/site-packages/xgboost/lib/libxgboost.dylib\n  Reason: tried: '/opt/homebrew/opt/libomp/lib/libomp.dylib' (no such file), '/System/Volumes/Preboot/Cryptexes/OS/opt/homebrew/opt/libomp/lib/libomp.dylib' (no such file), '/opt/homebrew/opt/libomp/lib/libomp.dylib' (no such file), '/System/Volumes/Preboot/Cryptexes/OS/opt/homebrew/opt/libomp/lib/libomp.dylib' (no such file)"]

2026-03-22 10:01:15 | WARNING  | trading.api               | Failed to load model multiplier_regressor from src/ml/models/multiplier_regressor.joblib: 
XGBoost Library (libxgboost.dylib) could not be loaded.
Likely causes:
  * OpenMP runtime is not installed
    - vcomp140.dll or libgomp-1.dll for Windows
    - libomp.dylib for Mac OSX
    - libgomp.so for Linux and other UNIX-like OSes
    Mac OSX users: Run `brew install libomp` to install OpenMP runtime.

  * You are running 32-bit Python on a 64-bit OS

Error message(s): ["dlopen(/Users/student/Library/Python/3.9/lib/python/site-packages/xgboost/lib/libxgboost.dylib, 0x0006): Library not loaded: @rpath/libomp.dylib\n  Referenced from: <89AD948E-E564-3266-867D-7AF89D6488F0> /Users/student/Library/Python/3.9/lib/python/site-packages/xgboost/lib/libxgboost.dylib\n  Reason: tried: '/opt/homebrew/opt/libomp/lib/libomp.dylib' (no such file), '/System/Volumes/Preboot/Cryptexes/OS/opt/homebrew/opt/libomp/lib/libomp.dylib' (no such file), '/opt/homebrew/opt/libomp/lib/libomp.dylib' (no such file), '/System/Volumes/Preboot/Cryptexes/OS/opt/homebrew/opt/libomp/lib/libomp.dylib' (no such file)"]

2026-03-22 10:01:15 | WARNING  | trading.api               | Failed to load model ev_estimator from src/ml/models/ev_estimator.joblib: 
XGBoost Library (libxgboost.dylib) could not be loaded.
Likely causes:
  * OpenMP runtime is not installed
    - vcomp140.dll or libgomp-1.dll for Windows
    - libomp.dylib for Mac OSX
    - libgomp.so for Linux and other UNIX-like OSes
    Mac OSX users: Run `brew install libomp` to install OpenMP runtime.

  * You are running 32-bit Python on a 64-bit OS

Error message(s): ["dlopen(/Users/student/Library/Python/3.9/lib/python/site-packages/xgboost/lib/libxgboost.dylib, 0x0006): Library not loaded: @rpath/libomp.dylib\n  Referenced from: <89AD948E-E564-3266-867D-7AF89D6488F0> /Users/student/Library/Python/3.9/lib/python/site-packages/xgboost/lib/libxgboost.dylib\n  Reason: tried: '/opt/homebrew/opt/libomp/lib/libomp.dylib' (no such file), '/System/Volumes/Preboot/Cryptexes/OS/opt/homebrew/opt/libomp/lib/libomp.dylib' (no such file), '/opt/homebrew/opt/libomp/lib/libomp.dylib' (no such file), '/System/Volumes/Preboot/Cryptexes/OS/opt/homebrew/opt/libomp/lib/libomp.dylib' (no such file)"]

2026-03-22 10:01:17 | WARNING  | trading.api               | Failed to load model regime_classifier from src/ml/models/regime_classifier.joblib: 
XGBoost Library (libxgboost.dylib) could not be loaded.
Likely causes:
  * OpenMP runtime is not installed
    - vcomp140.dll or libgomp-1.dll for Windows
    - libomp.dylib for Mac OSX
    - libgomp.so for Linux and other UNIX-like OSes
    Mac OSX users: Run `brew install libomp` to install OpenMP runtime.

  * You are running 32-bit Python on a 64-bit OS

Error message(s): ["dlopen(/Users/student/Library/Python/3.9/lib/python/site-packages/xgboost/lib/libxgboost.dylib, 0x0006): Library not loaded: @rpath/libomp.dylib\n  Referenced from: <89AD948E-E564-3266-867D-7AF89D6488F0> /Users/student/Library/Python/3.9/lib/python/site-packages/xgboost/lib/libxgboost.dylib\n  Reason: tried: '/opt/homebrew/opt/libomp/lib/libomp.dylib' (no such file), '/System/Volumes/Preboot/Cryptexes/OS/opt/homebrew/opt/libomp/lib/libomp.dylib' (no such file), '/opt/homebrew/opt/libomp/lib/libomp.dylib' (no such file), '/System/Volumes/Preboot/Cryptexes/OS/opt/homebrew/opt/libomp/lib/libomp.dylib' (no such file)"]

2026-03-22 10:01:17 | WARNING  | trading.api               | Failed to load model rebound_classifier from src/ml/models/rebound_classifier.joblib: 
XGBoost Library (libxgboost.dylib) could not be loaded.
Likely causes:
  * OpenMP runtime is not installed
    - vcomp140.dll or libgomp-1.dll for Windows
    - libomp.dylib for Mac OSX
    - libgomp.so for Linux and other UNIX-like OSes
    Mac OSX users: Run `brew install libomp` to install OpenMP runtime.

  * You are running 32-bit Python on a 64-bit OS

Error message(s): ["dlopen(/Users/student/Library/Python/3.9/lib/python/site-packages/xgboost/lib/libxgboost.dylib, 0x0006): Library not loaded: @rpath/libomp.dylib\n  Referenced from: <89AD948E-E564-3266-867D-7AF89D6488F0> /Users/student/Library/Python/3.9/lib/python/site-packages/xgboost/lib/libxgboost.dylib\n  Reason: tried: '/opt/homebrew/opt/libomp/lib/libomp.dylib' (no such file), '/System/Volumes/Preboot/Cryptexes/OS/opt/homebrew/opt/libomp/lib/libomp.dylib' (no such file), '/opt/homebrew/opt/libomp/lib/libomp.dylib' (no such file), '/System/Volumes/Preboot/Cryptexes/OS/opt/homebrew/opt/libomp/lib/libomp.dylib' (no such file)"]

2026-03-22 10:01:17 | WARNING  | trading.api               | Failed to load model multiplier_regressor from src/ml/models/multiplier_regressor.joblib: 
XGBoost Library (libxgboost.dylib) could not be loaded.
Likely causes:
  * OpenMP runtime is not installed
    - vcomp140.dll or libgomp-1.dll for Windows
    - libomp.dylib for Mac OSX
    - libgomp.so for Linux and other UNIX-like OSes
    Mac OSX users: Run `brew install libomp` to install OpenMP runtime.

  * You are running 32-bit Python on a 64-bit OS

Error message(s): ["dlopen(/Users/student/Library/Python/3.9/lib/python/site-packages/xgboost/lib/libxgboost.dylib, 0x0006): Library not loaded: @rpath/libomp.dylib\n  Referenced from: <89AD948E-E564-3266-867D-7AF89D6488F0> /Users/student/Library/Python/3.9/lib/python/site-packages/xgboost/lib/libxgboost.dylib\n  Reason: tried: '/opt/homebrew/opt/libomp/lib/libomp.dylib' (no such file), '/System/Volumes/Preboot/Cryptexes/OS/opt/homebrew/opt/libomp/lib/libomp.dylib' (no such file), '/opt/homebrew/opt/libomp/lib/libomp.dylib' (no such file), '/System/Volumes/Preboot/Cryptexes/OS/opt/homebrew/opt/libomp/lib/libomp.dylib' (no such file)"]

2026-03-22 10:01:17 | WARNING  | trading.api               | Failed to load model ev_estimator from src/ml/models/ev_estimator.joblib: 
XGBoost Library (libxgboost.dylib) could not be loaded.
Likely causes:
  * OpenMP runtime is not installed
    - vcomp140.dll or libgomp-1.dll for Windows
    - libomp.dylib for Mac OSX
    - libgomp.so for Linux and other UNIX-like OSes
    Mac OSX users: Run `brew install libomp` to install OpenMP runtime.

  * You are running 32-bit Python on a 64-bit OS

Error message(s): ["dlopen(/Users/student/Library/Python/3.9/lib/python/site-packages/xgboost/lib/libxgboost.dylib, 0x0006): Library not loaded: @rpath/libomp.dylib\n  Referenced from: <89AD948E-E564-3266-867D-7AF89D6488F0> /Users/student/Library/Python/3.9/lib/python/site-packages/xgboost/lib/libxgboost.dylib\n  Reason: tried: '/opt/homebrew/opt/libomp/lib/libomp.dylib' (no such file), '/System/Volumes/Preboot/Cryptexes/OS/opt/homebrew/opt/libomp/lib/libomp.dylib' (no such file), '/opt/homebrew/opt/libomp/lib/libomp.dylib' (no such file), '/System/Volumes/Preboot/Cryptexes/OS/opt/homebrew/opt/libomp/lib/libomp.dylib' (no such file)"]

2026-03-22 10:01:18 | WARNING  | trading.api               | Failed to load model regime_classifier from src/ml/models/regime_classifier.joblib: 
XGBoost Library (libxgboost.dylib) could not be loaded.
Likely causes:
  * OpenMP runtime is not installed
    - vcomp140.dll or libgomp-1.dll for Windows
    - libomp.dylib for Mac OSX
    - libgomp.so for Linux and other UNIX-like OSes
    Mac OSX users: Run `brew install libomp` to install OpenMP runtime.

  * You are running 32-bit Python on a 64-bit OS

Error message(s): ["dlopen(/Users/student/Library/Python/3.9/lib/python/site-packages/xgboost/lib/libxgboost.dylib, 0x0006): Library not loaded: @rpath/libomp.dylib\n  Referenced from: <89AD948E-E564-3266-867D-7AF89D6488F0> /Users/student/Library/Python/3.9/lib/python/site-packages/xgboost/lib/libxgboost.dylib\n  Reason: tried: '/opt/homebrew/opt/libomp/lib/libomp.dylib' (no such file), '/System/Volumes/Preboot/Cryptexes/OS/opt/homebrew/opt/libomp/lib/libomp.dylib' (no such file), '/opt/homebrew/opt/libomp/lib/libomp.dylib' (no such file), '/System/Volumes/Preboot/Cryptexes/OS/opt/homebrew/opt/libomp/lib/libomp.dylib' (no such file)"]

2026-03-22 10:01:18 | WARNING  | trading.api               | Failed to load model rebound_classifier from src/ml/models/rebound_classifier.joblib: 
XGBoost Library (libxgboost.dylib) could not be loaded.
Likely causes:
  * OpenMP runtime is not installed
    - vcomp140.dll or libgomp-1.dll for Windows
    - libomp.dylib for Mac OSX
    - libgomp.so for Linux and other UNIX-like OSes
    Mac OSX users: Run `brew install libomp` to install OpenMP runtime.

  * You are running 32-bit Python on a 64-bit OS

Error message(s): ["dlopen(/Users/student/Library/Python/3.9/lib/python/site-packages/xgboost/lib/libxgboost.dylib, 0x0006): Library not loaded: @rpath/libomp.dylib\n  Referenced from: <89AD948E-E564-3266-867D-7AF89D6488F0> /Users/student/Library/Python/3.9/lib/python/site-packages/xgboost/lib/libxgboost.dylib\n  Reason: tried: '/opt/homebrew/opt/libomp/lib/libomp.dylib' (no such file), '/System/Volumes/Preboot/Cryptexes/OS/opt/homebrew/opt/libomp/lib/libomp.dylib' (no such file), '/opt/homebrew/opt/libomp/lib/libomp.dylib' (no such file), '/System/Volumes/Preboot/Cryptexes/OS/opt/homebrew/opt/libomp/lib/libomp.dylib' (no such file)"]

2026-03-22 10:01:18 | WARNING  | trading.api               | Failed to load model multiplier_regressor from src/ml/models/multiplier_regressor.joblib: 
XGBoost Library (libxgboost.dylib) could not be loaded.
Likely causes:
  * OpenMP runtime is not installed
    - vcomp140.dll or libgomp-1.dll for Windows
    - libomp.dylib for Mac OSX
    - libgomp.so for Linux and other UNIX-like OSes
    Mac OSX users: Run `brew install libomp` to install OpenMP runtime.

  * You are running 32-bit Python on a 64-bit OS

Error message(s): ["dlopen(/Users/student/Library/Python/3.9/lib/python/site-packages/xgboost/lib/libxgboost.dylib, 0x0006): Library not loaded: @rpath/libomp.dylib\n  Referenced from: <89AD948E-E564-3266-867D-7AF89D6488F0> /Users/student/Library/Python/3.9/lib/python/site-packages/xgboost/lib/libxgboost.dylib\n  Reason: tried: '/opt/homebrew/opt/libomp/lib/libomp.dylib' (no such file), '/System/Volumes/Preboot/Cryptexes/OS/opt/homebrew/opt/libomp/lib/libomp.dylib' (no such file), '/opt/homebrew/opt/libomp/lib/libomp.dylib' (no such file), '/System/Volumes/Preboot/Cryptexes/OS/opt/homebrew/opt/libomp/lib/libomp.dylib' (no such file)"]

2026-03-22 10:01:18 | WARNING  | trading.api               | Failed to load model ev_estimator from src/ml/models/ev_estimator.joblib: 
XGBoost Library (libxgboost.dylib) could not be loaded.
Likely causes:
  * OpenMP runtime is not installed
    - vcomp140.dll or libgomp-1.dll for Windows
    - libomp.dylib for Mac OSX
    - libgomp.so for Linux and other UNIX-like OSes
    Mac OSX users: Run `brew install libomp` to install OpenMP runtime.

  * You are running 32-bit Python on a 64-bit OS

Error message(s): ["dlopen(/Users/student/Library/Python/3.9/lib/python/site-packages/xgboost/lib/libxgboost.dylib, 0x0006): Library not loaded: @rpath/libomp.dylib\n  Referenced from: <89AD948E-E564-3266-867D-7AF89D6488F0> /Users/student/Library/Python/3.9/lib/python/site-packages/xgboost/lib/libxgboost.dylib\n  Reason: tried: '/opt/homebrew/opt/libomp/lib/libomp.dylib' (no such file), '/System/Volumes/Preboot/Cryptexes/OS/opt/homebrew/opt/libomp/lib/libomp.dylib' (no such file), '/opt/homebrew/opt/libomp/lib/libomp.dylib' (no such file), '/System/Volumes/Preboot/Cryptexes/OS/opt/homebrew/opt/libomp/lib/libomp.dylib' (no such file)"]

2026-03-22 10:01:34 | WARNING  | trading.api               | Failed to load model regime_classifier from src/ml/models/regime_classifier.joblib: 
XGBoost Library (libxgboost.dylib) could not be loaded.
Likely causes:
  * OpenMP runtime is not installed
    - vcomp140.dll or libgomp-1.dll for Windows
    - libomp.dylib for Mac OSX
    - libgomp.so for Linux and other UNIX-like OSes
    Mac OSX users: Run `brew install libomp` to install OpenMP runtime.

  * You are running 32-bit Python on a 64-bit OS

Error message(s): ["dlopen(/Users/student/Library/Python/3.9/lib/python/site-packages/xgboost/lib/libxgboost.dylib, 0x0006): Library not loaded: @rpath/libomp.dylib\n  Referenced from: <89AD948E-E564-3266-867D-7AF89D6488F0> /Users/student/Library/Python/3.9/lib/python/site-packages/xgboost/lib/libxgboost.dylib\n  Reason: tried: '/opt/homebrew/opt/libomp/lib/libomp.dylib' (no such file), '/System/Volumes/Preboot/Cryptexes/OS/opt/homebrew/opt/libomp/lib/libomp.dylib' (no such file), '/opt/homebrew/opt/libomp/lib/libomp.dylib' (no such file), '/System/Volumes/Preboot/Cryptexes/OS/opt/homebrew/opt/libomp/lib/libomp.dylib' (no such file)"]

2026-03-22 10:01:34 | WARNING  | trading.api               | Failed to load model rebound_classifier from src/ml/models/rebound_classifier.joblib: 
XGBoost Library (libxgboost.dylib) could not be loaded.
Likely causes:
  * OpenMP runtime is not installed
    - vcomp140.dll or libgomp-1.dll for Windows
    - libomp.dylib for Mac OSX
    - libgomp.so for Linux and other UNIX-like OSes
    Mac OSX users: Run `brew install libomp` to install OpenMP runtime.

  * You are running 32-bit Python on a 64-bit OS

Error message(s): ["dlopen(/Users/student/Library/Python/3.9/lib/python/site-packages/xgboost/lib/libxgboost.dylib, 0x0006): Library not loaded: @rpath/libomp.dylib\n  Referenced from: <89AD948E-E564-3266-867D-7AF89D6488F0> /Users/student/Library/Python/3.9/lib/python/site-packages/xgboost/lib/libxgboost.dylib\n  Reason: tried: '/opt/homebrew/opt/libomp/lib/libomp.dylib' (no such file), '/System/Volumes/Preboot/Cryptexes/OS/opt/homebrew/opt/libomp/lib/libomp.dylib' (no such file), '/opt/homebrew/opt/libomp/lib/libomp.dylib' (no such file), '/System/Volumes/Preboot/Cryptexes/OS/opt/homebrew/opt/libomp/lib/libomp.dylib' (no such file)"]

2026-03-22 10:01:34 | WARNING  | trading.api               | Failed to load model multiplier_regressor from src/ml/models/multiplier_regressor.joblib: 
XGBoost Library (libxgboost.dylib) could not be loaded.
Likely causes:
  * OpenMP runtime is not installed
    - vcomp140.dll or libgomp-1.dll for Windows
    - libomp.dylib for Mac OSX
    - libgomp.so for Linux and other UNIX-like OSes
    Mac OSX users: Run `brew install libomp` to install OpenMP runtime.

  * You are running 32-bit Python on a 64-bit OS

Error message(s): ["dlopen(/Users/student/Library/Python/3.9/lib/python/site-packages/xgboost/lib/libxgboost.dylib, 0x0006): Library not loaded: @rpath/libomp.dylib\n  Referenced from: <89AD948E-E564-3266-867D-7AF89D6488F0> /Users/student/Library/Python/3.9/lib/python/site-packages/xgboost/lib/libxgboost.dylib\n  Reason: tried: '/opt/homebrew/opt/libomp/lib/libomp.dylib' (no such file), '/System/Volumes/Preboot/Cryptexes/OS/opt/homebrew/opt/libomp/lib/libomp.dylib' (no such file), '/opt/homebrew/opt/libomp/lib/libomp.dylib' (no such file), '/System/Volumes/Preboot/Cryptexes/OS/opt/homebrew/opt/libomp/lib/libomp.dylib' (no such file)"]

2026-03-22 10:01:34 | WARNING  | trading.api               | Failed to load model ev_estimator from src/ml/models/ev_estimator.joblib: 
XGBoost Library (libxgboost.dylib) could not be loaded.
Likely causes:
  * OpenMP runtime is not installed
    - vcomp140.dll or libgomp-1.dll for Windows
    - libomp.dylib for Mac OSX
    - libgomp.so for Linux and other UNIX-like OSes
    Mac OSX users: Run `brew install libomp` to install OpenMP runtime.

  * You are running 32-bit Python on a 64-bit OS

Error message(s): ["dlopen(/Users/student/Library/Python/3.9/lib/python/site-packages/xgboost/lib/libxgboost.dylib, 0x0006): Library not loaded: @rpath/libomp.dylib\n  Referenced from: <89AD948E-E564-3266-867D-7AF89D6488F0> /Users/student/Library/Python/3.9/lib/python/site-packages/xgboost/lib/libxgboost.dylib\n  Reason: tried: '/opt/homebrew/opt/libomp/lib/libomp.dylib' (no such file), '/System/Volumes/Preboot/Cryptexes/OS/opt/homebrew/opt/libomp/lib/libomp.dylib' (no such file), '/opt/homebrew/opt/libomp/lib/libomp.dylib' (no such file), '/System/Volumes/Preboot/Cryptexes/OS/opt/homebrew/opt/libomp/lib/libomp.dylib' (no such file)"]

2026-03-22 10:01:36 | WARNING  | trading.api               | Failed to load model regime_classifier from src/ml/models/regime_classifier.joblib: 
XGBoost Library (libxgboost.dylib) could not be loaded.
Likely causes:
  * OpenMP runtime is not installed
    - vcomp140.dll or libgomp-1.dll for Windows
    - libomp.dylib for Mac OSX
    - libgomp.so for Linux and other UNIX-like OSes
    Mac OSX users: Run `brew install libomp` to install OpenMP runtime.

  * You are running 32-bit Python on a 64-bit OS

Error message(s): ["dlopen(/Users/student/Library/Python/3.9/lib/python/site-packages/xgboost/lib/libxgboost.dylib, 0x0006): Library not loaded: @rpath/libomp.dylib\n  Referenced from: <89AD948E-E564-3266-867D-7AF89D6488F0> /Users/student/Library/Python/3.9/lib/python/site-packages/xgboost/lib/libxgboost.dylib\n  Reason: tried: '/opt/homebrew/opt/libomp/lib/libomp.dylib' (no such file), '/System/Volumes/Preboot/Cryptexes/OS/opt/homebrew/opt/libomp/lib/libomp.dylib' (no such file), '/opt/homebrew/opt/libomp/lib/libomp.dylib' (no such file), '/System/Volumes/Preboot/Cryptexes/OS/opt/homebrew/opt/libomp/lib/libomp.dylib' (no such file)"]

2026-03-22 10:01:36 | WARNING  | trading.api               | Failed to load model rebound_classifier from src/ml/models/rebound_classifier.joblib: 
XGBoost Library (libxgboost.dylib) could not be loaded.
Likely causes:
  * OpenMP runtime is not installed
    - vcomp140.dll or libgomp-1.dll for Windows
    - libomp.dylib for Mac OSX
    - libgomp.so for Linux and other UNIX-like OSes
    Mac OSX users: Run `brew install libomp` to install OpenMP runtime.

  * You are running 32-bit Python on a 64-bit OS

Error message(s): ["dlopen(/Users/student/Library/Python/3.9/lib/python/site-packages/xgboost/lib/libxgboost.dylib, 0x0006): Library not loaded: @rpath/libomp.dylib\n  Referenced from: <89AD948E-E564-3266-867D-7AF89D6488F0> /Users/student/Library/Python/3.9/lib/python/site-packages/xgboost/lib/libxgboost.dylib\n  Reason: tried: '/opt/homebrew/opt/libomp/lib/libomp.dylib' (no such file), '/System/Volumes/Preboot/Cryptexes/OS/opt/homebrew/opt/libomp/lib/libomp.dylib' (no such file), '/opt/homebrew/opt/libomp/lib/libomp.dylib' (no such file), '/System/Volumes/Preboot/Cryptexes/OS/opt/homebrew/opt/libomp/lib/libomp.dylib' (no such file)"]

2026-03-22 10:01:36 | WARNING  | trading.api               | Failed to load model multiplier_regressor from src/ml/models/multiplier_regressor.joblib: 
XGBoost Library (libxgboost.dylib) could not be loaded.
Likely causes:
  * OpenMP runtime is not installed
    - vcomp140.dll or libgomp-1.dll for Windows
    - libomp.dylib for Mac OSX
    - libgomp.so for Linux and other UNIX-like OSes
    Mac OSX users: Run `brew install libomp` to install OpenMP runtime.

  * You are running 32-bit Python on a 64-bit OS

Error message(s): ["dlopen(/Users/student/Library/Python/3.9/lib/python/site-packages/xgboost/lib/libxgboost.dylib, 0x0006): Library not loaded: @rpath/libomp.dylib\n  Referenced from: <89AD948E-E564-3266-867D-7AF89D6488F0> /Users/student/Library/Python/3.9/lib/python/site-packages/xgboost/lib/libxgboost.dylib\n  Reason: tried: '/opt/homebrew/opt/libomp/lib/libomp.dylib' (no such file), '/System/Volumes/Preboot/Cryptexes/OS/opt/homebrew/opt/libomp/lib/libomp.dylib' (no such file), '/opt/homebrew/opt/libomp/lib/libomp.dylib' (no such file), '/System/Volumes/Preboot/Cryptexes/OS/opt/homebrew/opt/libomp/lib/libomp.dylib' (no such file)"]

2026-03-22 10:01:36 | WARNING  | trading.api               | Failed to load model ev_estimator from src/ml/models/ev_estimator.joblib: 
XGBoost Library (libxgboost.dylib) could not be loaded.
Likely causes:
  * OpenMP runtime is not installed
    - vcomp140.dll or libgomp-1.dll for Windows
    - libomp.dylib for Mac OSX
    - libgomp.so for Linux and other UNIX-like OSes
    Mac OSX users: Run `brew install libomp` to install OpenMP runtime.

  * You are running 32-bit Python on a 64-bit OS

Error message(s): ["dlopen(/Users/student/Library/Python/3.9/lib/python/site-packages/xgboost/lib/libxgboost.dylib, 0x0006): Library not loaded: @rpath/libomp.dylib\n  Referenced from: <89AD948E-E564-3266-867D-7AF89D6488F0> /Users/student/Library/Python/3.9/lib/python/site-packages/xgboost/lib/libxgboost.dylib\n  Reason: tried: '/opt/homebrew/opt/libomp/lib/libomp.dylib' (no such file), '/System/Volumes/Preboot/Cryptexes/OS/opt/homebrew/opt/libomp/lib/libomp.dylib' (no such file), '/opt/homebrew/opt/libomp/lib/libomp.dylib' (no such file), '/System/Volumes/Preboot/Cryptexes/OS/opt/homebrew/opt/libomp/lib/libomp.dylib' (no such file)"]

2026-03-22 10:01:37 | WARNING  | trading.api               | Failed to load model regime_classifier from src/ml/models/regime_classifier.joblib: 
XGBoost Library (libxgboost.dylib) could not be loaded.
Likely causes:
  * OpenMP runtime is not installed
    - vcomp140.dll or libgomp-1.dll for Windows
    - libomp.dylib for Mac OSX
    - libgomp.so for Linux and other UNIX-like OSes
    Mac OSX users: Run `brew install libomp` to install OpenMP runtime.

  * You are running 32-bit Python on a 64-bit OS

Error message(s): ["dlopen(/Users/student/Library/Python/3.9/lib/python/site-packages/xgboost/lib/libxgboost.dylib, 0x0006): Library not loaded: @rpath/libomp.dylib\n  Referenced from: <89AD948E-E564-3266-867D-7AF89D6488F0> /Users/student/Library/Python/3.9/lib/python/site-packages/xgboost/lib/libxgboost.dylib\n  Reason: tried: '/opt/homebrew/opt/libomp/lib/libomp.dylib' (no such file), '/System/Volumes/Preboot/Cryptexes/OS/opt/homebrew/opt/libomp/lib/libomp.dylib' (no such file), '/opt/homebrew/opt/libomp/lib/libomp.dylib' (no such file), '/System/Volumes/Preboot/Cryptexes/OS/opt/homebrew/opt/libomp/lib/libomp.dylib' (no such file)"]

2026-03-22 10:01:37 | WARNING  | trading.api               | Failed to load model rebound_classifier from src/ml/models/rebound_classifier.joblib: 
XGBoost Library (libxgboost.dylib) could not be loaded.
Likely causes:
  * OpenMP runtime is not installed
    - vcomp140.dll or libgomp-1.dll for Windows
    - libomp.dylib for Mac OSX
    - libgomp.so for Linux and other UNIX-like OSes
    Mac OSX users: Run `brew install libomp` to install OpenMP runtime.

  * You are running 32-bit Python on a 64-bit OS

Error message(s): ["dlopen(/Users/student/Library/Python/3.9/lib/python/site-packages/xgboost/lib/libxgboost.dylib, 0x0006): Library not loaded: @rpath/libomp.dylib\n  Referenced from: <89AD948E-E564-3266-867D-7AF89D6488F0> /Users/student/Library/Python/3.9/lib/python/site-packages/xgboost/lib/libxgboost.dylib\n  Reason: tried: '/opt/homebrew/opt/libomp/lib/libomp.dylib' (no such file), '/System/Volumes/Preboot/Cryptexes/OS/opt/homebrew/opt/libomp/lib/libomp.dylib' (no such file), '/opt/homebrew/opt/libomp/lib/libomp.dylib' (no such file), '/System/Volumes/Preboot/Cryptexes/OS/opt/homebrew/opt/libomp/lib/libomp.dylib' (no such file)"]

2026-03-22 10:01:37 | WARNING  | trading.api               | Failed to load model multiplier_regressor from src/ml/models/multiplier_regressor.joblib: 
XGBoost Library (libxgboost.dylib) could not be loaded.
Likely causes:
  * OpenMP runtime is not installed
    - vcomp140.dll or libgomp-1.dll for Windows
    - libomp.dylib for Mac OSX
    - libgomp.so for Linux and other UNIX-like OSes
    Mac OSX users: Run `brew install libomp` to install OpenMP runtime.

  * You are running 32-bit Python on a 64-bit OS

Error message(s): ["dlopen(/Users/student/Library/Python/3.9/lib/python/site-packages/xgboost/lib/libxgboost.dylib, 0x0006): Library not loaded: @rpath/libomp.dylib\n  Referenced from: <89AD948E-E564-3266-867D-7AF89D6488F0> /Users/student/Library/Python/3.9/lib/python/site-packages/xgboost/lib/libxgboost.dylib\n  Reason: tried: '/opt/homebrew/opt/libomp/lib/libomp.dylib' (no such file), '/System/Volumes/Preboot/Cryptexes/OS/opt/homebrew/opt/libomp/lib/libomp.dylib' (no such file), '/opt/homebrew/opt/libomp/lib/libomp.dylib' (no such file), '/System/Volumes/Preboot/Cryptexes/OS/opt/homebrew/opt/libomp/lib/libomp.dylib' (no such file)"]

2026-03-22 10:01:37 | WARNING  | trading.api               | Failed to load model ev_estimator from src/ml/models/ev_estimator.joblib: 
XGBoost Library (libxgboost.dylib) could not be loaded.
Likely causes:
  * OpenMP runtime is not installed
    - vcomp140.dll or libgomp-1.dll for Windows
    - libomp.dylib for Mac OSX
    - libgomp.so for Linux and other UNIX-like OSes
    Mac OSX users: Run `brew install libomp` to install OpenMP runtime.

  * You are running 32-bit Python on a 64-bit OS

Error message(s): ["dlopen(/Users/student/Library/Python/3.9/lib/python/site-packages/xgboost/lib/libxgboost.dylib, 0x0006): Library not loaded: @rpath/libomp.dylib\n  Referenced from: <89AD948E-E564-3266-867D-7AF89D6488F0> /Users/student/Library/Python/3.9/lib/python/site-packages/xgboost/lib/libxgboost.dylib\n  Reason: tried: '/opt/homebrew/opt/libomp/lib/libomp.dylib' (no such file), '/System/Volumes/Preboot/Cryptexes/OS/opt/homebrew/opt/libomp/lib/libomp.dylib' (no such file), '/opt/homebrew/opt/libomp/lib/libomp.dylib' (no such file), '/System/Volumes/Preboot/Cryptexes/OS/opt/homebrew/opt/libomp/lib/libomp.dylib' (no such file)"]

2026-03-24 17:46:17 | INFO     | trading.trainer           | ============================================================
2026-03-24 17:46:17 | INFO     | trading.trainer           | STARTING ML TRAINING PIPELINE
2026-03-24 17:46:17 | INFO     | trading.trainer           | ============================================================
2026-03-24 17:46:17 | INFO     | trading.trainer           | Loading historical data from data/...
2026-03-24 17:46:17 | INFO     | trading.csv_loader        | Loading 1 CSV files from data/
2026-03-24 17:46:17 | INFO     | trading.csv_loader        | Loaded 19486 total rows across 821 games
2026-03-24 17:46:18 | INFO     | trading.csv_loader        | Created 821 GameState objects
2026-03-24 17:46:18 | INFO     | trading.trainer           | Processing 821 games...
2026-03-24 17:52:57 | INFO     | trading.dataset           | Built dataset: 753 samples from 821 games | rebounds: 574 (76.2%)
2026-03-24 17:52:57 | INFO     | trading.dataset           | Split: train=543 (125 games), val=86 (27 games), test=124 (28 games)
2026-03-24 17:52:57 | INFO     | trading.trainer           | ----------------------------------------
2026-03-24 17:52:57 | INFO     | trading.trainer           | Training Regime Classifier...
2026-03-24 17:52:57 | INFO     | trading.regime_classifier | Regime classifier loaded from src/ml/models\regime_classifier.joblib
2026-03-24 17:52:57 | INFO     | trading.regime_classifier | Training regime classifier: 543 train, 86 val | Cross rate: 91.2% (train), 72.1% (val)
2026-03-24 17:52:57 | INFO     | trading.regime_classifier | Regime classifier results: accuracy=0.721, precision=0.721, recall=1.000, f1=0.838
2026-03-24 17:52:57 | INFO     | trading.regime_classifier | Top features: op_value=0.361, s_value=0.245, prob_change_abs=0.239, momentum_20=0.079, volatility_5=0.051
2026-03-24 17:52:57 | INFO     | trading.regime_classifier | Regime classifier saved to src/ml/models\regime_classifier.joblib
2026-03-24 17:52:57 | INFO     | trading.trainer           | ----------------------------------------
2026-03-24 17:52:57 | INFO     | trading.trainer           | Training Non-Cross Parameter Optimizer...
2026-03-24 17:52:57 | INFO     | trading.param_optimizer   | Non-Cross model loaded from src/ml/models\non_cross_params.joblib
2026-03-24 17:52:57 | INFO     | trading.param_optimizer   | Non-Cross rebound accuracy: 1.000
2026-03-24 17:52:57 | INFO     | trading.param_optimizer   | Non-Cross multiplier RMSE: 0.041
2026-03-24 17:52:57 | INFO     | trading.param_optimizer   | Non-Cross model saved to src/ml/models\non_cross_params.joblib
2026-03-24 17:52:57 | INFO     | trading.trainer           | ----------------------------------------
2026-03-24 17:52:57 | INFO     | trading.trainer           | Training Cross Parameter Optimizer...
2026-03-24 17:52:57 | INFO     | trading.param_optimizer   | Cross model loaded from src/ml/models\cross_params.joblib
2026-03-24 17:52:57 | INFO     | trading.param_optimizer   | Cross recovery accuracy: 0.774
2026-03-24 17:52:57 | INFO     | trading.param_optimizer   | Cross multiplier RMSE: 9.627
2026-03-24 17:52:57 | INFO     | trading.param_optimizer   | Cross model saved to src/ml/models\cross_params.joblib
2026-03-24 17:52:57 | INFO     | trading.trainer           | ----------------------------------------
2026-03-24 17:52:57 | INFO     | trading.trainer           | Evaluating on test set...
2026-03-24 17:54:15 | INFO     | trading.trainer           | ============================================================
2026-03-24 17:54:15 | INFO     | trading.trainer           | STARTING ML TRAINING PIPELINE
2026-03-24 17:54:15 | INFO     | trading.trainer           | ============================================================
2026-03-24 17:54:15 | INFO     | trading.trainer           | Loading historical data from data/...
2026-03-24 17:54:15 | INFO     | trading.csv_loader        | Loading 1 CSV files from data/
2026-03-24 17:54:15 | INFO     | trading.csv_loader        | Loaded 19486 total rows across 821 games
2026-03-24 17:54:16 | INFO     | trading.csv_loader        | Created 821 GameState objects
2026-03-24 17:54:16 | INFO     | trading.trainer           | Processing 821 games...
2026-03-24 18:00:42 | INFO     | trading.dataset           | Built dataset: 753 samples from 821 games | rebounds: 574 (76.2%)
2026-03-24 18:00:42 | INFO     | trading.dataset           | Split: train=543 (125 games), val=86 (27 games), test=124 (28 games)
2026-03-24 18:00:42 | INFO     | trading.trainer           | ----------------------------------------
2026-03-24 18:00:42 | INFO     | trading.trainer           | Training Regime Classifier...
2026-03-24 18:00:42 | INFO     | trading.regime_classifier | Regime classifier loaded from src/ml/models\regime_classifier.joblib
2026-03-24 18:00:42 | INFO     | trading.regime_classifier | Training regime classifier: 543 train, 86 val | Cross rate: 91.2% (train), 72.1% (val)
2026-03-24 18:00:42 | INFO     | trading.regime_classifier | Regime classifier results: accuracy=0.721, precision=0.721, recall=1.000, f1=0.838
2026-03-24 18:00:42 | INFO     | trading.regime_classifier | Top features: op_value=0.361, s_value=0.245, prob_change_abs=0.239, momentum_20=0.079, volatility_5=0.051
2026-03-24 18:00:42 | INFO     | trading.regime_classifier | Regime classifier saved to src/ml/models\regime_classifier.joblib
2026-03-24 18:00:42 | INFO     | trading.trainer           | ----------------------------------------
2026-03-24 18:00:42 | INFO     | trading.trainer           | Training Non-Cross Parameter Optimizer...
2026-03-24 18:00:42 | INFO     | trading.param_optimizer   | Non-Cross model loaded from src/ml/models\non_cross_params.joblib
2026-03-24 18:00:43 | INFO     | trading.param_optimizer   | Non-Cross rebound accuracy: 1.000
2026-03-24 18:00:43 | INFO     | trading.param_optimizer   | Non-Cross multiplier RMSE: 0.041
2026-03-24 18:00:43 | INFO     | trading.param_optimizer   | Non-Cross model saved to src/ml/models\non_cross_params.joblib
2026-03-24 18:00:43 | INFO     | trading.trainer           | ----------------------------------------
2026-03-24 18:00:43 | INFO     | trading.trainer           | Training Cross Parameter Optimizer...
2026-03-24 18:00:43 | INFO     | trading.param_optimizer   | Cross model loaded from src/ml/models\cross_params.joblib
2026-03-24 18:00:43 | INFO     | trading.param_optimizer   | Cross recovery accuracy: 0.758
2026-03-24 18:00:43 | INFO     | trading.param_optimizer   | Cross multiplier RMSE: 9.639
2026-03-24 18:00:43 | INFO     | trading.param_optimizer   | Cross model saved to src/ml/models\cross_params.joblib
2026-03-24 18:00:43 | INFO     | trading.trainer           | ----------------------------------------
2026-03-24 18:00:43 | INFO     | trading.trainer           | Evaluating on test set...
2026-03-24 18:00:43 | INFO     | trading.trainer           | Test set: regime_accuracy=0.855, avg_EV=5.160
2026-03-24 18:00:43 | INFO     | trading.trainer           | ============================================================
2026-03-24 18:00:43 | INFO     | trading.trainer           | TRAINING COMPLETE in 387.3s
2026-03-24 18:00:43 | INFO     | trading.trainer           | ============================================================
2026-03-24 18:00:43 | INFO     | trading.storage           | Database initialized at data/trading.db
2026-03-24 18:00:43 | INFO     | trading.storage           | Database connection closed
2026-03-24 18:01:51 | INFO     | trading.csv_loader        | Loading 1 CSV files from data/
2026-03-24 18:01:51 | INFO     | trading.csv_loader        | Loaded 19486 total rows across 821 games
2026-03-24 18:01:51 | INFO     | trading.csv_loader        | Created 821 GameState objects
2026-03-24 18:01:52 | INFO     | trading.regime_classifier | Regime classifier loaded from src/ml/models\regime_classifier.joblib
2026-03-24 18:01:52 | INFO     | trading.param_optimizer   | Non-Cross model loaded from src/ml/models\non_cross_params.joblib
2026-03-24 18:01:52 | INFO     | trading.param_optimizer   | Cross model loaded from src/ml/models\cross_params.joblib
2026-03-24 18:01:52 | INFO     | trading.strategy.router   | All ML models loaded
2026-03-24 18:02:25 | INFO     | trading.csv_loader        | Loading 1 CSV files from data/
2026-03-24 18:02:25 | INFO     | trading.csv_loader        | Loaded 19486 total rows across 821 games
2026-03-24 18:02:26 | INFO     | trading.csv_loader        | Created 821 GameState objects
2026-03-24 18:02:26 | INFO     | trading.regime_classifier | Regime classifier loaded from src/ml/models\regime_classifier.joblib
2026-03-24 18:02:26 | INFO     | trading.param_optimizer   | Non-Cross model loaded from src/ml/models\non_cross_params.joblib
2026-03-24 18:02:26 | INFO     | trading.param_optimizer   | Cross model loaded from src/ml/models\cross_params.joblib
2026-03-24 18:02:26 | INFO     | trading.strategy.router   | All ML models loaded
2026-03-24 18:04:08 | INFO     | trading.strategy.cross    | CROSS EXIT (stop-loss): prob=0.050 < 0.065
2026-03-24 18:04:58 | INFO     | trading.strategy.cross    | CROSS EXIT (multiplier): prob=0.990 >= 0.700
2026-03-24 18:05:22 | INFO     | trading.strategy.cross    | CROSS EXIT (multiplier): prob=0.500 >= 0.250
2026-03-24 18:05:32 | INFO     | trading.strategy.cross    | CROSS EXIT (stop-loss): prob=0.010 < 0.130
2026-03-24 18:05:34 | INFO     | trading.strategy.cross    | CROSS EXIT (stop-loss): prob=0.040 < 0.110
2026-03-24 18:05:39 | INFO     | trading.strategy.cross    | CROSS EXIT (stop-loss): prob=0.010 < 0.110
2026-03-24 18:05:42 | INFO     | trading.strategy.cross    | CROSS EXIT (stop-loss): prob=0.010 < 0.055
2026-03-24 18:05:54 | INFO     | trading.strategy.cross    | CROSS EXIT (stop-loss): prob=0.010 < 0.075
2026-03-24 18:05:57 | INFO     | trading.strategy.cross    | CROSS EXIT (multiplier): prob=0.500 >= 0.450
2026-03-24 18:05:57 | INFO     | trading.strategy.cross    | CROSS EXIT (multiplier): prob=0.500 >= 0.450
2026-03-24 18:05:59 | INFO     | trading.strategy.cross    | CROSS EXIT (multiplier): prob=0.500 >= 0.300
2026-03-24 18:05:59 | INFO     | trading.strategy.cross    | CROSS EXIT (multiplier): prob=0.500 >= 0.350
2026-03-24 18:06:02 | INFO     | trading.strategy.cross    | CROSS EXIT (stop-loss): prob=0.010 < 0.055
2026-03-24 18:06:09 | INFO     | trading.strategy.cross    | CROSS EXIT (stop-loss): prob=0.090 < 0.140
2026-03-24 18:06:12 | INFO     | trading.strategy.cross    | CROSS EXIT (multiplier): prob=0.500 >= 0.450
2026-03-24 18:06:12 | INFO     | trading.strategy.cross    | CROSS EXIT (stop-loss): prob=0.010 < 0.025
2026-03-24 18:06:17 | INFO     | trading.strategy.cross    | CROSS EXIT (multiplier): prob=0.500 >= 0.350
2026-03-24 18:06:19 | INFO     | trading.strategy.cross    | CROSS EXIT (multiplier): prob=0.500 >= 0.500
2026-03-24 18:06:19 | INFO     | trading.strategy.cross    | CROSS EXIT (multiplier): prob=0.500 >= 0.300
2026-03-24 18:06:24 | INFO     | trading.strategy.cross    | CROSS EXIT (multiplier): prob=0.500 >= 0.450
2026-03-24 18:06:25 | INFO     | trading.strategy.cross    | CROSS EXIT (multiplier): prob=0.500 >= 0.250
2026-03-24 18:07:00 | INFO     | trading.strategy.cross    | CROSS EXIT (multiplier): prob=0.500 >= 0.350
2026-03-24 18:07:00 | INFO     | trading.strategy.cross    | CROSS EXIT (multiplier): prob=0.500 >= 0.250
2026-03-24 18:07:00 | INFO     | trading.strategy.cross    | CROSS EXIT (multiplier): prob=0.790 >= 0.300
2026-03-24 18:07:00 | INFO     | trading.strategy.cross    | CROSS EXIT (multiplier): prob=0.300 >= 0.250
2026-03-24 18:08:27 | INFO     | trading.strategy.cross    | CROSS EXIT (multiplier): prob=0.500 >= 0.500
2026-03-24 18:08:35 | INFO     | trading.strategy.cross    | CROSS EXIT (multiplier): prob=0.500 >= 0.300
2026-03-24 18:08:35 | INFO     | trading.strategy.cross    | CROSS EXIT (multiplier): prob=0.500 >= 0.351
2026-03-24 18:08:35 | INFO     | trading.strategy.cross    | CROSS EXIT (multiplier): prob=0.500 >= 0.351
2026-03-24 18:09:20 | INFO     | trading.strategy.cross    | CROSS EXIT (stop-loss): prob=0.050 < 0.060
2026-03-24 18:09:36 | INFO     | trading.strategy.cross    | CROSS EXIT (multiplier): prob=0.950 >= 0.600
2026-03-24 18:09:43 | INFO     | trading.strategy.cross    | CROSS EXIT (multiplier): prob=0.500 >= 0.500
2026-03-24 18:09:43 | INFO     | trading.strategy.cross    | CROSS EXIT (multiplier): prob=0.500 >= 0.450
2026-03-24 18:09:43 | INFO     | trading.strategy.cross    | CROSS EXIT (multiplier): prob=0.500 >= 0.500
2026-03-24 18:09:43 | INFO     | trading.strategy.cross    | CROSS EXIT (multiplier): prob=0.990 >= 0.500
2026-03-24 18:10:02 | INFO     | trading.strategy.cross    | CROSS EXIT (multiplier): prob=0.500 >= 0.500
2026-03-24 18:10:05 | INFO     | trading.strategy.cross    | CROSS EXIT (multiplier): prob=0.500 >= 0.400
2026-03-24 18:10:05 | INFO     | trading.strategy.cross    | CROSS EXIT (multiplier): prob=0.500 >= 0.400
2026-03-24 18:10:21 | INFO     | trading.strategy.cross    | CROSS EXIT (multiplier): prob=0.990 >= 0.990
2026-03-24 18:10:21 | INFO     | trading.strategy.cross    | CROSS EXIT (multiplier): prob=0.990 >= 0.990
2026-03-24 18:10:49 | INFO     | trading.strategy.cross    | CROSS EXIT (multiplier): prob=0.990 >= 0.990
2026-03-24 18:10:54 | INFO     | trading.strategy.cross    | CROSS EXIT (multiplier): prob=0.500 >= 0.450
2026-03-24 18:10:54 | INFO     | trading.strategy.cross    | CROSS EXIT (multiplier): prob=0.500 >= 0.350
2026-03-24 18:10:54 | INFO     | trading.strategy.cross    | CROSS EXIT (multiplier): prob=0.990 >= 0.600
2026-03-24 18:10:59 | INFO     | trading.strategy.cross    | CROSS EXIT (multiplier): prob=0.990 >= 0.990
2026-03-24 18:11:04 | INFO     | trading.strategy.cross    | CROSS EXIT (multiplier): prob=0.500 >= 0.350
2026-03-24 18:11:52 | INFO     | trading.strategy.cross    | CROSS EXIT (multiplier): prob=0.990 >= 0.990
2026-03-24 18:11:54 | INFO     | trading.strategy.cross    | CROSS EXIT (multiplier): prob=0.990 >= 0.990
2026-03-24 18:12:05 | INFO     | trading.strategy.cross    | CROSS EXIT (stop-loss): prob=0.230 < 0.250
2026-03-24 18:12:14 | INFO     | trading.strategy.cross    | CROSS EXIT (multiplier): prob=0.990 >= 0.990
2026-03-24 18:12:22 | INFO     | trading.strategy.cross    | CROSS EXIT (stop-loss): prob=0.010 < 0.060
2026-03-24 18:12:40 | INFO     | trading.strategy.cross    | CROSS EXIT (multiplier): prob=0.990 >= 0.990
2026-03-24 18:12:51 | INFO     | trading.strategy.cross    | CROSS EXIT (multiplier): prob=0.990 >= 0.990
2026-03-24 18:12:51 | INFO     | trading.strategy.cross    | CROSS EXIT (multiplier): prob=0.990 >= 0.990
2026-03-24 18:12:59 | INFO     | trading.strategy.cross    | CROSS EXIT (stop-loss): prob=0.010 < 0.100
2026-03-24 18:13:15 | INFO     | trading.strategy.cross    | CROSS EXIT (stop-loss): prob=0.060 < 0.090
2026-03-24 18:13:16 | INFO     | trading.strategy.cross    | CROSS EXIT (multiplier): prob=0.990 >= 0.990
2026-03-24 18:13:18 | INFO     | trading.strategy.cross    | CROSS EXIT (stop-loss): prob=0.090 < 0.125
2026-03-24 18:13:22 | INFO     | trading.strategy.cross    | CROSS EXIT (stop-loss): prob=0.010 < 0.130
2026-03-24 18:13:24 | INFO     | trading.strategy.cross    | CROSS EXIT (multiplier): prob=0.500 >= 0.450
2026-03-24 18:13:55 | INFO     | trading.strategy.cross    | CROSS EXIT (multiplier): prob=0.500 >= 0.500
2026-03-24 18:14:03 | INFO     | trading.strategy.cross    | CROSS EXIT (multiplier): prob=0.500 >= 0.450
2026-03-24 18:14:10 | INFO     | trading.strategy.cross    | CROSS EXIT (multiplier): prob=0.990 >= 0.700
2026-03-24 18:14:23 | INFO     | trading.strategy.cross    | CROSS EXIT (multiplier): prob=0.990 >= 0.800
2026-03-24 18:14:28 | INFO     | trading.strategy.cross    | CROSS EXIT (multiplier): prob=0.990 >= 0.990
2026-03-24 18:14:30 | INFO     | trading.strategy.cross    | CROSS EXIT (multiplier): prob=0.500 >= 0.400
2026-03-24 18:14:31 | INFO     | trading.strategy.cross    | CROSS EXIT (multiplier): prob=0.500 >= 0.450
2026-03-24 18:14:43 | INFO     | trading.strategy.cross    | CROSS EXIT (multiplier): prob=0.990 >= 0.990
2026-03-24 18:15:05 | INFO     | trading.strategy.cross    | CROSS EXIT (stop-loss): prob=0.040 < 0.110
2026-03-24 18:15:09 | INFO     | trading.strategy.cross    | CROSS EXIT (multiplier): prob=0.500 >= 0.400
2026-03-24 18:15:14 | INFO     | trading.strategy.cross    | CROSS EXIT (multiplier): prob=0.500 >= 0.300
2026-03-24 18:15:14 | INFO     | trading.strategy.cross    | CROSS EXIT (multiplier): prob=0.500 >= 0.301
2026-03-24 18:15:14 | INFO     | trading.strategy.cross    | CROSS EXIT (multiplier): prob=0.500 >= 0.301
2026-03-24 18:15:50 | INFO     | trading.strategy.cross    | CROSS EXIT (multiplier): prob=0.500 >= 0.350
2026-03-24 18:15:50 | INFO     | trading.strategy.cross    | CROSS EXIT (multiplier): prob=0.500 >= 0.350
2026-03-24 18:15:53 | INFO     | trading.strategy.cross    | CROSS EXIT (multiplier): prob=0.990 >= 0.750
2026-03-24 18:16:23 | INFO     | trading.strategy.cross    | CROSS EXIT (multiplier): prob=0.500 >= 0.350
2026-03-24 18:16:23 | INFO     | trading.strategy.cross    | CROSS EXIT (multiplier): prob=0.500 >= 0.300
2026-03-24 18:16:34 | INFO     | trading.strategy.cross    | CROSS EXIT (stop-loss): prob=0.040 < 0.075
2026-03-24 18:16:53 | INFO     | trading.strategy.cross    | CROSS EXIT (stop-loss): prob=0.070 < 0.120
2026-03-24 18:16:55 | INFO     | trading.strategy.cross    | CROSS EXIT (multiplier): prob=0.500 >= 0.450
2026-03-24 18:16:55 | INFO     | trading.strategy.cross    | CROSS EXIT (stop-loss): prob=0.010 < 0.040
2026-03-24 18:17:31 | INFO     | trading.strategy.cross    | CROSS EXIT (stop-loss): prob=0.010 < 0.090
2026-03-24 18:17:34 | INFO     | trading.strategy.cross    | CROSS EXIT (multiplier): prob=0.500 >= 0.400
2026-03-24 18:17:39 | INFO     | trading.strategy.cross    | CROSS EXIT (multiplier): prob=0.990 >= 0.990
2026-03-24 18:17:53 | INFO     | trading.strategy.cross    | CROSS EXIT (multiplier): prob=0.500 >= 0.400
2026-03-24 18:17:58 | INFO     | trading.strategy.cross    | CROSS EXIT (multiplier): prob=0.500 >= 0.450
2026-03-24 18:17:58 | INFO     | trading.strategy.cross    | CROSS EXIT (multiplier): prob=0.500 >= 0.300
2026-03-24 18:18:56 | INFO     | trading.strategy.cross    | CROSS EXIT (multiplier): prob=0.500 >= 0.450
2026-03-24 18:19:06 | INFO     | trading.strategy.cross    | CROSS EXIT (multiplier): prob=0.500 >= 0.400
2026-03-24 18:19:06 | INFO     | trading.strategy.cross    | CROSS EXIT (multiplier): prob=0.500 >= 0.350
2026-03-24 18:19:06 | INFO     | trading.strategy.cross    | CROSS EXIT (multiplier): prob=0.390 >= 0.250
2026-03-24 18:19:09 | INFO     | trading.strategy.cross    | CROSS EXIT (multiplier): prob=0.500 >= 0.350
2026-03-24 18:19:17 | INFO     | trading.strategy.cross    | CROSS EXIT (multiplier): prob=0.500 >= 0.400
2026-03-24 18:19:35 | INFO     | trading.strategy.cross    | CROSS EXIT (multiplier): prob=0.500 >= 0.350
2026-03-24 18:19:48 | INFO     | trading.strategy.cross    | CROSS EXIT (multiplier): prob=0.500 >= 0.350
2026-03-24 18:19:58 | INFO     | trading.strategy.cross    | CROSS EXIT (multiplier): prob=0.890 >= 0.650
2026-03-24 18:20:01 | INFO     | trading.strategy.cross    | CROSS EXIT (multiplier): prob=0.990 >= 0.990
2026-03-24 18:20:26 | INFO     | trading.strategy.cross    | CROSS EXIT (stop-loss): prob=0.010 < 0.250
2026-03-24 18:20:36 | INFO     | trading.strategy.cross    | CROSS EXIT (stop-loss): prob=0.010 < 0.075
2026-03-24 18:20:38 | INFO     | trading.strategy.cross    | CROSS EXIT (stop-loss): prob=0.010 < 0.055
2026-03-24 18:20:43 | INFO     | trading.strategy.cross    | CROSS EXIT (stop-loss): prob=0.030 < 0.125
2026-03-24 18:20:46 | INFO     | trading.strategy.cross    | CROSS EXIT (stop-loss): prob=0.030 < 0.100
2026-03-24 18:20:48 | INFO     | trading.strategy.cross    | CROSS EXIT (stop-loss): prob=0.020 < 0.080
2026-03-24 18:20:50 | INFO     | trading.strategy.cross    | CROSS EXIT (stop-loss): prob=0.010 < 0.055
2026-03-24 18:20:58 | INFO     | trading.strategy.cross    | CROSS EXIT (stop-loss): prob=0.060 < 0.140
2026-03-24 18:21:00 | INFO     | trading.strategy.cross    | CROSS EXIT (multiplier): prob=0.990 >= 0.990
2026-03-24 18:21:03 | INFO     | trading.strategy.cross    | CROSS EXIT (multiplier): prob=0.990 >= 0.850
2026-03-24 18:21:05 | INFO     | trading.strategy.cross    | CROSS EXIT (stop-loss): prob=0.010 < 0.250
2026-03-24 18:21:14 | INFO     | trading.strategy.cross    | CROSS EXIT (stop-loss): prob=0.030 < 0.120
2026-03-24 18:21:17 | INFO     | trading.strategy.cross    | CROSS EXIT (stop-loss): prob=0.230 < 0.250
2026-03-24 18:21:20 | INFO     | trading.strategy.cross    | CROSS EXIT (stop-loss): prob=0.020 < 0.085
2026-03-24 18:21:23 | INFO     | trading.strategy.cross    | CROSS EXIT (multiplier): prob=0.990 >= 0.990
2026-03-24 18:21:48 | INFO     | trading.strategy.cross    | CROSS EXIT (multiplier): prob=0.700 >= 0.600
2026-03-24 18:21:56 | INFO     | trading.strategy.cross    | CROSS EXIT (stop-loss): prob=0.010 < 0.055
2026-03-24 18:22:03 | INFO     | trading.strategy.cross    | CROSS EXIT (stop-loss): prob=0.010 < 0.145
2026-03-24 18:22:06 | INFO     | trading.strategy.cross    | CROSS EXIT (stop-loss): prob=0.010 < 0.120
2026-03-24 18:22:09 | INFO     | trading.strategy.cross    | CROSS EXIT (stop-loss): prob=0.010 < 0.090
2026-03-24 18:22:11 | INFO     | trading.strategy.cross    | CROSS EXIT (multiplier): prob=0.500 >= 0.500
2026-03-24 18:22:11 | INFO     | trading.strategy.cross    | CROSS EXIT (stop-loss): prob=0.060 < 0.065
2026-03-24 18:22:11 | INFO     | trading.strategy.cross    | CROSS EXIT (multiplier): prob=0.500 >= 0.301
2026-03-24 18:22:21 | INFO     | trading.strategy.cross    | CROSS EXIT (multiplier): prob=0.500 >= 0.350
2026-03-24 18:22:21 | INFO     | trading.strategy.cross    | CROSS EXIT (multiplier): prob=0.500 >= 0.400
2026-03-24 18:22:21 | INFO     | trading.strategy.cross    | CROSS EXIT (stop-loss): prob=0.010 < 0.065
2026-03-24 18:22:42 | INFO     | trading.strategy.cross    | CROSS EXIT (multiplier): prob=0.990 >= 0.990
2026-03-24 18:27:12 | INFO     | trading.strategy.cross    | CROSS EXIT (multiplier): prob=0.990 >= 0.850
2026-03-24 18:27:54 | INFO     | trading.strategy.cross    | CROSS EXIT (multiplier): prob=0.760 >= 0.650
2026-03-24 18:27:57 | INFO     | trading.strategy.cross    | CROSS EXIT (stop-loss): prob=0.060 < 0.075
2026-03-24 18:28:23 | INFO     | trading.strategy.cross    | CROSS EXIT (multiplier): prob=0.990 >= 0.990
2026-03-24 18:28:25 | INFO     | trading.strategy.cross    | CROSS EXIT (multiplier): prob=0.810 >= 0.750
2026-03-24 18:28:43 | INFO     | trading.strategy.cross    | CROSS EXIT (stop-loss): prob=0.050 < 0.130
2026-03-24 18:29:04 | INFO     | trading.strategy.cross    | CROSS EXIT (stop-loss): prob=0.060 < 0.105
2026-03-24 18:29:04 | INFO     | trading.strategy.cross    | CROSS EXIT (stop-loss): prob=0.010 < 0.125
2026-03-24 18:29:05 | INFO     | trading.strategy.cross    | CROSS EXIT (stop-loss): prob=0.080 < 0.115
2026-03-24 18:29:08 | INFO     | trading.strategy.cross    | CROSS EXIT (stop-loss): prob=0.010 < 0.110
